<?xml version="1.0" encoding="UTF-8"?>
<!-- Generated by org.testng.reporters.JUnitReportReporter -->
<testsuite hostname="Deb" failures="0" tests="1" name="luma.us.myRunner.MyRunner" time="26.427" errors="0" timestamp="22 Dec 2022 07:00:46 GMT" skipped="0">
  <testcase classname="luma.us.myRunner.MyRunner" name="runScenario" time="26.427"/>
</testsuite> <!-- luma.us.myRunner.MyRunner -->
