<?xml version="1.0" encoding="UTF-8"?>
<!-- Generated by org.testng.reporters.JUnitReportReporter -->
<testsuite hostname="Deb" failures="0" tests="1" name="luma.us.myRunner.MyRunner" time="27.791" errors="0" timestamp="22 Dec 2022 06:46:15 GMT" skipped="0">
  <testcase classname="luma.us.myRunner.MyRunner" name="runScenario" time="27.791"/>
</testsuite> <!-- luma.us.myRunner.MyRunner -->
